<?xml version="1.0" encoding="UTF-8"?>
<!-- Generated by org.testng.reporters.JUnitXMLReporter -->
<testsuite ignored="0" hostname="Firozs-Mac-Pro.home" failures="0" tests="7" name="Command line test" time="5.0" errors="0" timestamp="2020-10-21T12:07:36 EDT">
  <testcase classname="Rest_API.Tests_post" name="test_1_post" time="2.522"/>
  <testcase classname="Rest_API.Test_01GET" name="test_01" time="0.269"/>
  <testcase classname="Rest_API.Test_01GET" name="test_02" time="0.844"/>
  <testcase classname="Rest_API.Test_put" name="test_1_put" time="0.433"/>
  <testcase classname="Rest_API.Tests_Get" name="test1" time="0.244"/>
  <testcase classname="Rest_API.Test_delete" name="test_3_delete" time="0.337"/>
  <testcase classname="Rest_API.Test_patch" name="test_3_patch" time="0.313"/>
</testsuite> <!-- Command line test -->
