<?xml version="1.0" encoding="UTF-8"?>
<testng-results ignored="0" total="7" passed="7" failed="0" skipped="0">
  <reporter-output>
  </reporter-output>
  <suite started-at="2020-10-21T12:07:31 EDT" name="Command line suite" finished-at="2020-10-21T12:07:36 EDT" duration-ms="5000">
    <groups>
    </groups>
    <test started-at="2020-10-21T12:07:31 EDT" name="Command line test" finished-at="2020-10-21T12:07:36 EDT" duration-ms="5000">
      <class name="Rest_API.Tests_Get">
        <test-method signature="test1()[pri:0, instance:Rest_API.Tests_Get@2a70a3d8]" started-at="2020-10-21T12:07:36 EDT" name="test1" finished-at="2020-10-21T12:07:36 EDT" duration-ms="244" status="PASS">
          <reporter-output>
          </reporter-output>
        </test-method> <!-- test1 -->
      </class> <!-- Rest_API.Tests_Get -->
      <class name="Rest_API.Test_patch">
        <test-method signature="test_3_patch()[pri:0, instance:Rest_API.Test_patch@22eeefeb]" started-at="2020-10-21T12:07:36 EDT" name="test_3_patch" finished-at="2020-10-21T12:07:36 EDT" duration-ms="313" status="PASS">
          <reporter-output>
          </reporter-output>
        </test-method> <!-- test_3_patch -->
      </class> <!-- Rest_API.Test_patch -->
      <class name="Rest_API.Test_01GET">
        <test-method signature="test_01()[pri:0, instance:Rest_API.Test_01GET@1fc2b765]" started-at="2020-10-21T12:07:34 EDT" name="test_01" finished-at="2020-10-21T12:07:34 EDT" duration-ms="269" status="PASS">
          <reporter-output>
          </reporter-output>
        </test-method> <!-- test_01 -->
        <test-method signature="test_02()[pri:0, instance:Rest_API.Test_01GET@1fc2b765]" started-at="2020-10-21T12:07:34 EDT" name="test_02" finished-at="2020-10-21T12:07:35 EDT" duration-ms="844" status="PASS">
          <reporter-output>
          </reporter-output>
        </test-method> <!-- test_02 -->
      </class> <!-- Rest_API.Test_01GET -->
      <class name="Rest_API.Test_delete">
        <test-method signature="test_3_delete()[pri:0, instance:Rest_API.Test_delete@289d1c02]" started-at="2020-10-21T12:07:36 EDT" name="test_3_delete" finished-at="2020-10-21T12:07:36 EDT" duration-ms="337" status="PASS">
          <reporter-output>
          </reporter-output>
        </test-method> <!-- test_3_delete -->
      </class> <!-- Rest_API.Test_delete -->
      <class name="Rest_API.Tests_post">
        <test-method signature="test_1_post()[pri:0, instance:Rest_API.Tests_post@c81cdd1]" started-at="2020-10-21T12:07:31 EDT" name="test_1_post" finished-at="2020-10-21T12:07:34 EDT" duration-ms="2522" status="PASS">
          <reporter-output>
          </reporter-output>
        </test-method> <!-- test_1_post -->
      </class> <!-- Rest_API.Tests_post -->
      <class name="Rest_API.Test_put">
        <test-method signature="test_1_put()[pri:0, instance:Rest_API.Test_put@75881071]" started-at="2020-10-21T12:07:35 EDT" name="test_1_put" finished-at="2020-10-21T12:07:36 EDT" duration-ms="433" status="PASS">
          <reporter-output>
          </reporter-output>
        </test-method> <!-- test_1_put -->
      </class> <!-- Rest_API.Test_put -->
    </test> <!-- Command line test -->
  </suite> <!-- Command line suite -->
</testng-results>
