<?xml version="1.0" encoding="UTF-8"?>
<!-- Generated by org.testng.reporters.JUnitXMLReporter -->
<testsuite ignored="4" hostname="Firozs-Mac-Pro.home" failures="0" tests="3" name="Regression" time="186.272" errors="0" timestamp="2020-06-02T22:03:36 EDT">
  <testcase classname="Action_items.MetLife_Abstract" name="MitLife" time="110.877"/>
  <testcase classname="Action_items.Google_Search_Abstract" name="googleSearch" time="22.835"/>
  <testcase classname="Action_items.Weightwatchers_abstract" name="weightWatchers" time="52.524"/>
  <testcase classname="Reusable_classes.Abstract_Class" name="@BeforeSuite defineDriver" time="0.0">
    <ignored/>
  </testcase> <!-- @BeforeSuite defineDriver -->
  <testcase classname="Reusable_classes.Abstract_Class" name="@BeforeSuite defineDriver" time="0.0">
    <ignored/>
  </testcase> <!-- @BeforeSuite defineDriver -->
  <testcase classname="Reusable_classes.Abstract_Class" name="@AfterSuite closeInfo" time="0.0">
    <ignored/>
  </testcase> <!-- @AfterSuite closeInfo -->
  <testcase classname="Reusable_classes.Abstract_Class" name="@AfterSuite closeInfo" time="0.0">
    <ignored/>
  </testcase> <!-- @AfterSuite closeInfo -->
</testsuite> <!-- Regression -->
