<?xml version="1.0" encoding="UTF-8"?>
<testng-results ignored="4" total="7" passed="3" failed="0" skipped="0">
  <reporter-output>
    <line>
      <![CDATA[Entering a value on element enter zipcodes and submit]]>
    </line>
    <line>
      <![CDATA[Entering a value on element Referral Code]]>
    </line>
    <line>
      <![CDATA[Capturing a text from element error message]]>
    </line>
    <line>
      <![CDATA[Capturing a text from element Capturing the search Result]]>
    </line>
    <line>
      <![CDATA[Entering a value on element enter zipcodes and submit]]>
    </line>
    <line>
      <![CDATA[Entering a value on element Referral Code]]>
    </line>
    <line>
      <![CDATA[Capturing a text from element error message]]>
    </line>
    <line>
      <![CDATA[Capturing a text from element Capturing the search Result]]>
    </line>
    <line>
      <![CDATA[Entering a value on element enter zipcodes and submit]]>
    </line>
    <line>
      <![CDATA[Entering a value on element Referral Code]]>
    </line>
    <line>
      <![CDATA[Capturing a text from element error message]]>
    </line>
    <line>
      <![CDATA[Capturing a text from element Capturing the search Result]]>
    </line>
    <line>
      <![CDATA[Entering a value on element input and submit]]>
    </line>
    <line>
      <![CDATA[Capturing a text from element Search Result]]>
    </line>
    <line>
      <![CDATA[Entering a value on element input and submit]]>
    </line>
    <line>
      <![CDATA[Capturing a text from element Search Result]]>
    </line>
    <line>
      <![CDATA[Entering a value on element input and submit]]>
    </line>
    <line>
      <![CDATA[Capturing a text from element Search Result]]>
    </line>
    <line>
      <![CDATA[Entering a value on element inserting zipcode]]>
    </line>
    <line>
      <![CDATA[Capturing a text from element Studio name and Address]]>
    </line>
    <line>
      <![CDATA[Capturing a text from element Schedule]]>
    </line>
    <line>
      <![CDATA[Entering a value on element inserting zipcode]]>
    </line>
    <line>
      <![CDATA[Capturing a text from element Studio name and Address]]>
    </line>
    <line>
      <![CDATA[Capturing a text from element Schedule]]>
    </line>
    <line>
      <![CDATA[Entering a value on element inserting zipcode]]>
    </line>
    <line>
      <![CDATA[Capturing a text from element Studio name and Address]]>
    </line>
    <line>
      <![CDATA[Capturing a text from element Schedule]]>
    </line>
  </reporter-output>
  <suite started-at="2020-06-02T22:00:30 EDT" name="Automation Suite" finished-at="2020-06-02T22:03:36 EDT" duration-ms="186272">
    <groups>
    </groups>
    <test started-at="2020-06-02T22:00:30 EDT" name="Regression" finished-at="2020-06-02T22:03:36 EDT" duration-ms="186272">
      <class name="Action_items.Weightwatchers_abstract">
        <test-method signature="weightWatchers()[pri:0, instance:Action_items.Weightwatchers_abstract@eb21112]" started-at="2020-06-02T22:02:44 EDT" name="weightWatchers" finished-at="2020-06-02T22:03:36 EDT" duration-ms="52524" status="PASS">
          <reporter-output>
            <line>
              <![CDATA[Entering a value on element inserting zipcode]]>
            </line>
            <line>
              <![CDATA[Capturing a text from element Studio name and Address]]>
            </line>
            <line>
              <![CDATA[Capturing a text from element Schedule]]>
            </line>
            <line>
              <![CDATA[Entering a value on element inserting zipcode]]>
            </line>
            <line>
              <![CDATA[Capturing a text from element Studio name and Address]]>
            </line>
            <line>
              <![CDATA[Capturing a text from element Schedule]]>
            </line>
            <line>
              <![CDATA[Entering a value on element inserting zipcode]]>
            </line>
            <line>
              <![CDATA[Capturing a text from element Studio name and Address]]>
            </line>
            <line>
              <![CDATA[Capturing a text from element Schedule]]>
            </line>
          </reporter-output>
        </test-method> <!-- weightWatchers -->
        <test-method is-config="true" signature="getMethodName(java.lang.reflect.Method)[pri:0, instance:Action_items.Weightwatchers_abstract@eb21112]" started-at="2020-06-02T22:02:44 EDT" name="getMethodName" finished-at="2020-06-02T22:02:44 EDT" duration-ms="0" status="PASS">
          <params>
            <param index="0">
              <value>
                <![CDATA[public void Action_items.Weightwatchers_abstract.weightWatchers() throws java.lang.InterruptedException]]>
              </value>
            </param>
          </params>
          <reporter-output>
          </reporter-output>
        </test-method> <!-- getMethodName -->
        <test-method is-config="true" signature="endTest()[pri:0, instance:Action_items.Weightwatchers_abstract@eb21112]" started-at="2020-06-02T22:03:36 EDT" name="endTest" finished-at="2020-06-02T22:03:36 EDT" duration-ms="1" status="PASS">
          <reporter-output>
          </reporter-output>
        </test-method> <!-- endTest -->
      </class> <!-- Action_items.Weightwatchers_abstract -->
      <class name="Action_items.MetLife_Abstract">
        <test-method is-config="true" signature="defineDriver()[pri:0, instance:Action_items.MetLife_Abstract@704d6e83]" started-at="2020-06-02T22:00:27 EDT" name="defineDriver" finished-at="2020-06-02T22:00:30 EDT" duration-ms="2457" status="PASS">
          <reporter-output>
          </reporter-output>
        </test-method> <!-- defineDriver -->
        <test-method is-config="true" signature="getMethodName(java.lang.reflect.Method)[pri:0, instance:Action_items.MetLife_Abstract@704d6e83]" started-at="2020-06-02T22:00:30 EDT" name="getMethodName" finished-at="2020-06-02T22:00:30 EDT" duration-ms="4" status="PASS">
          <params>
            <param index="0">
              <value>
                <![CDATA[public void Action_items.MetLife_Abstract.MitLife() throws java.lang.InterruptedException,java.io.IOException,jxl.read.biff.BiffException]]>
              </value>
            </param>
          </params>
          <reporter-output>
          </reporter-output>
        </test-method> <!-- getMethodName -->
        <test-method signature="MitLife()[pri:0, instance:Action_items.MetLife_Abstract@704d6e83]" started-at="2020-06-02T22:00:30 EDT" name="MitLife" finished-at="2020-06-02T22:02:21 EDT" duration-ms="110877" status="PASS">
          <reporter-output>
            <line>
              <![CDATA[Entering a value on element enter zipcodes and submit]]>
            </line>
            <line>
              <![CDATA[Entering a value on element Referral Code]]>
            </line>
            <line>
              <![CDATA[Capturing a text from element error message]]>
            </line>
            <line>
              <![CDATA[Capturing a text from element Capturing the search Result]]>
            </line>
            <line>
              <![CDATA[Entering a value on element enter zipcodes and submit]]>
            </line>
            <line>
              <![CDATA[Entering a value on element Referral Code]]>
            </line>
            <line>
              <![CDATA[Capturing a text from element error message]]>
            </line>
            <line>
              <![CDATA[Capturing a text from element Capturing the search Result]]>
            </line>
            <line>
              <![CDATA[Entering a value on element enter zipcodes and submit]]>
            </line>
            <line>
              <![CDATA[Entering a value on element Referral Code]]>
            </line>
            <line>
              <![CDATA[Capturing a text from element error message]]>
            </line>
            <line>
              <![CDATA[Capturing a text from element Capturing the search Result]]>
            </line>
          </reporter-output>
        </test-method> <!-- MitLife -->
        <test-method is-config="true" signature="endTest()[pri:0, instance:Action_items.MetLife_Abstract@704d6e83]" started-at="2020-06-02T22:02:21 EDT" name="endTest" finished-at="2020-06-02T22:02:21 EDT" duration-ms="2" status="PASS">
          <reporter-output>
          </reporter-output>
        </test-method> <!-- endTest -->
        <test-method is-config="true" signature="closeInfo()[pri:0, instance:Action_items.MetLife_Abstract@704d6e83]" started-at="2020-06-02T22:03:36 EDT" name="closeInfo" finished-at="2020-06-02T22:03:37 EDT" duration-ms="447" status="PASS">
          <reporter-output>
          </reporter-output>
        </test-method> <!-- closeInfo -->
      </class> <!-- Action_items.MetLife_Abstract -->
      <class name="Action_items.Google_Search_Abstract">
        <test-method is-config="true" signature="getMethodName(java.lang.reflect.Method)[pri:0, instance:Action_items.Google_Search_Abstract@43a0cee9]" started-at="2020-06-02T22:02:21 EDT" name="getMethodName" finished-at="2020-06-02T22:02:21 EDT" duration-ms="1" status="PASS">
          <params>
            <param index="0">
              <value>
                <![CDATA[public void Action_items.Google_Search_Abstract.googleSearch() throws java.lang.InterruptedException]]>
              </value>
            </param>
          </params>
          <reporter-output>
          </reporter-output>
        </test-method> <!-- getMethodName -->
        <test-method signature="googleSearch()[pri:0, instance:Action_items.Google_Search_Abstract@43a0cee9]" started-at="2020-06-02T22:02:21 EDT" name="googleSearch" finished-at="2020-06-02T22:02:44 EDT" duration-ms="22835" status="PASS">
          <reporter-output>
            <line>
              <![CDATA[Entering a value on element input and submit]]>
            </line>
            <line>
              <![CDATA[Capturing a text from element Search Result]]>
            </line>
            <line>
              <![CDATA[Entering a value on element input and submit]]>
            </line>
            <line>
              <![CDATA[Capturing a text from element Search Result]]>
            </line>
            <line>
              <![CDATA[Entering a value on element input and submit]]>
            </line>
            <line>
              <![CDATA[Capturing a text from element Search Result]]>
            </line>
          </reporter-output>
        </test-method> <!-- googleSearch -->
        <test-method is-config="true" signature="endTest()[pri:0, instance:Action_items.Google_Search_Abstract@43a0cee9]" started-at="2020-06-02T22:02:44 EDT" name="endTest" finished-at="2020-06-02T22:02:44 EDT" duration-ms="1" status="PASS">
          <reporter-output>
          </reporter-output>
        </test-method> <!-- endTest -->
      </class> <!-- Action_items.Google_Search_Abstract -->
    </test> <!-- Regression -->
  </suite> <!-- Automation Suite -->
</testng-results>
